<?xml version="1.0" encoding="UTF-8" ?>
<testsuite tests="1" failures="0" name="com.imooc.o2o.dao.AreaDaoTest" time="0.007" errors="1" skipped="0">
  <properties>
[...]
</properties>
  <testcase classname="com.imooc.o2o.dao.AreaDaoTest" name="testQueryArea" time="0.007">
    <error message="Failed to load ApplicationContext" type="java.lang.IllegalStateException">java.lang.IllegalStateException: Failed to load ApplicationContext
	at org.springframework.test.context.cache.DefaultCacheAwareContextLoaderDelegate.loadContext(DefaultCacheAwareContextLoaderDelegate.java:124)
	at org.springframework.test.context.support.DefaultTestContext.getApplicationContext(DefaultTestContext.java:83)
	at org.springframework.test.context.support.DependencyInjectionTestExecutionListener.injectDependencies(DependencyInjectionTestExecutionListener.java:117)
	at org.springframework.test.context.support.DependencyInjectionTestExecutionListener.prepareTestInstance(DependencyInjectionTestExecutionListener.java:83)
	at org.springframework.test.context.TestContextManager.prepareTestInstance(TestContextManager.java:230)
	at org.springframework.test.context.junit4.SpringJUnit4ClassRunner.createTest(SpringJUnit4ClassRunner.java:228)
	at org.springframework.test.context.junit4.SpringJUnit4ClassRunner$1.runReflectiveCall(SpringJUnit4ClassRunner.java:287)
	at org.junit.internal.runners.model.ReflectiveCallable.run(ReflectiveCallable.java:12)
	at org.springframework.test.context.junit4.SpringJUnit4ClassRunner.methodBlock(SpringJUnit4ClassRunner.java:289)
	at org.springframework.test.context.junit4.SpringJUnit4ClassRunner.runChild(SpringJUnit4ClassRunner.java:247)
	at org.springframework.test.context.junit4.SpringJUnit4ClassRunner.runChild(SpringJUnit4ClassRunner.java:94)
	at org.junit.runners.ParentRunner$3.run(ParentRunner.java:290)
	at org.junit.runners.ParentRunner$1.schedule(ParentRunner.java:71)
	at org.junit.runners.ParentRunner.runChildren(ParentRunner.java:288)
	at org.junit.runners.ParentRunner.access$000(ParentRunner.java:58)
	at org.junit.runners.ParentRunner$2.evaluate(ParentRunner.java:268)
	at org.springframework.test.context.junit4.statements.RunBeforeTestClassCallbacks.evaluate(RunBeforeTestClassCallbacks.java:61)
	at org.springframework.test.context.junit4.statements.RunAfterTestClassCallbacks.evaluate(RunAfterTestClassCallbacks.java:70)
	at org.junit.runners.ParentRunner.run(ParentRunner.java:363)
	at org.springframework.test.context.junit4.SpringJUnit4ClassRunner.run(SpringJUnit4ClassRunner.java:191)
	at org.apache.maven.surefire.junit4.JUnit4Provider.execute(JUnit4Provider.java:252)
	at org.apache.maven.surefire.junit4.JUnit4Provider.executeTestSet(JUnit4Provider.java:141)
	at org.apache.maven.surefire.junit4.JUnit4Provider.invoke(JUnit4Provider.java:112)
	at sun.reflect.NativeMethodAccessorImpl.invoke0(Native Method)
	at sun.reflect.NativeMethodAccessorImpl.invoke(Unknown Source)
	at sun.reflect.DelegatingMethodAccessorImpl.invoke(Unknown Source)
	at java.lang.reflect.Method.invoke(Unknown Source)
	at org.apache.maven.surefire.util.ReflectionUtils.invokeMethodWithArray(ReflectionUtils.java:189)
	at org.apache.maven.surefire.booter.ProviderFactory$ProviderProxy.invoke(ProviderFactory.java:165)
	at org.apache.maven.surefire.booter.ProviderFactory.invokeProvider(ProviderFactory.java:85)
	at org.apache.maven.surefire.booter.ForkedBooter.runSuitesInProcess(ForkedBooter.java:115)
	at org.apache.maven.surefire.booter.ForkedBooter.main(ForkedBooter.java:75)
Caused by: org.springframework.beans.factory.BeanCreationException: Error creating bean with name &apos;sqlSessionFactory&apos; defined in URL [file:/D:/Users/Administrator/workspace/o2o/target/classes/spring/spring-dao.xml]: Invocation of init method failed; nested exception is org.springframework.core.NestedIOException: Failed to parse mapping resource: &apos;file [D:\Users\Administrator\workspace\o2o\target\classes\mapper\AreaDao.xml]&apos;; nested exception is org.apache.ibatis.builder.BuilderException: Error creating document instance.  Cause: org.xml.sax.SAXParseException; lineNumber: 5; columnNumber: 47; 文档根元素 &quot;mapper&quot; 必须匹配 DOCTYPE 根 &quot;configuration&quot;。
	at org.springframework.beans.factory.support.AbstractAutowireCapableBeanFactory.initializeBean(AbstractAutowireCapableBeanFactory.java:1628)
	at org.springframework.beans.factory.support.AbstractAutowireCapableBeanFactory.doCreateBean(AbstractAutowireCapableBeanFactory.java:555)
	at org.springframework.beans.factory.support.AbstractAutowireCapableBeanFactory.createBean(AbstractAutowireCapableBeanFactory.java:483)
	at org.springframework.beans.factory.support.AbstractBeanFactory$1.getObject(AbstractBeanFactory.java:306)
	at org.springframework.beans.factory.support.DefaultSingletonBeanRegistry.getSingleton(DefaultSingletonBeanRegistry.java:230)
	at org.springframework.beans.factory.support.AbstractBeanFactory.doGetBean(AbstractBeanFactory.java:302)
	at org.springframework.beans.factory.support.AbstractBeanFactory.getBean(AbstractBeanFactory.java:197)
	at org.springframework.beans.factory.support.DefaultListableBeanFactory.preInstantiateSingletons(DefaultListableBeanFactory.java:742)
	at org.springframework.context.support.AbstractApplicationContext.finishBeanFactoryInitialization(AbstractApplicationContext.java:866)
	at org.springframework.context.support.AbstractApplicationContext.refresh(AbstractApplicationContext.java:542)
	at org.springframework.test.context.support.AbstractGenericContextLoader.loadContext(AbstractGenericContextLoader.java:128)
	at org.springframework.test.context.support.AbstractGenericContextLoader.loadContext(AbstractGenericContextLoader.java:60)
	at org.springframework.test.context.support.AbstractDelegatingSmartContextLoader.delegateLoading(AbstractDelegatingSmartContextLoader.java:108)
	at org.springframework.test.context.support.AbstractDelegatingSmartContextLoader.loadContext(AbstractDelegatingSmartContextLoader.java:251)
	at org.springframework.test.context.cache.DefaultCacheAwareContextLoaderDelegate.loadContextInternal(DefaultCacheAwareContextLoaderDelegate.java:98)
	at org.springframework.test.context.cache.DefaultCacheAwareContextLoaderDelegate.loadContext(DefaultCacheAwareContextLoaderDelegate.java:116)
	... 31 more
Caused by: org.springframework.core.NestedIOException: Failed to parse mapping resource: &apos;file [D:\Users\Administrator\workspace\o2o\target\classes\mapper\AreaDao.xml]&apos;; nested exception is org.apache.ibatis.builder.BuilderException: Error creating document instance.  Cause: org.xml.sax.SAXParseException; lineNumber: 5; columnNumber: 47; 文档根元素 &quot;mapper&quot; 必须匹配 DOCTYPE 根 &quot;configuration&quot;。
	at org.mybatis.spring.SqlSessionFactoryBean.buildSqlSessionFactory(SqlSessionFactoryBean.java:523)
	at org.mybatis.spring.SqlSessionFactoryBean.afterPropertiesSet(SqlSessionFactoryBean.java:380)
	at org.springframework.beans.factory.support.AbstractAutowireCapableBeanFactory.invokeInitMethods(AbstractAutowireCapableBeanFactory.java:1687)
	at org.springframework.beans.factory.support.AbstractAutowireCapableBeanFactory.initializeBean(AbstractAutowireCapableBeanFactory.java:1624)
	... 46 more
Caused by: org.apache.ibatis.builder.BuilderException: Error creating document instance.  Cause: org.xml.sax.SAXParseException; lineNumber: 5; columnNumber: 47; 文档根元素 &quot;mapper&quot; 必须匹配 DOCTYPE 根 &quot;configuration&quot;。
	at org.apache.ibatis.parsing.XPathParser.createDocument(XPathParser.java:259)
	at org.apache.ibatis.parsing.XPathParser.&lt;init&gt;(XPathParser.java:125)
	at org.apache.ibatis.builder.xml.XMLMapperBuilder.&lt;init&gt;(XMLMapperBuilder.java:78)
	at org.mybatis.spring.SqlSessionFactoryBean.buildSqlSessionFactory(SqlSessionFactoryBean.java:520)
	... 49 more
Caused by: org.xml.sax.SAXParseException; lineNumber: 5; columnNumber: 47; 文档根元素 &quot;mapper&quot; 必须匹配 DOCTYPE 根 &quot;configuration&quot;。
	at com.sun.org.apache.xerces.internal.util.ErrorHandlerWrapper.createSAXParseException(Unknown Source)
	at com.sun.org.apache.xerces.internal.util.ErrorHandlerWrapper.error(Unknown Source)
	at com.sun.org.apache.xerces.internal.impl.XMLErrorReporter.reportError(Unknown Source)
	at com.sun.org.apache.xerces.internal.impl.XMLErrorReporter.reportError(Unknown Source)
	at com.sun.org.apache.xerces.internal.impl.XMLErrorReporter.reportError(Unknown Source)
	at com.sun.org.apache.xerces.internal.impl.dtd.XMLDTDValidator.rootElementSpecified(Unknown Source)
	at com.sun.org.apache.xerces.internal.impl.dtd.XMLDTDValidator.handleStartElement(Unknown Source)
	at com.sun.org.apache.xerces.internal.impl.dtd.XMLDTDValidator.startElement(Unknown Source)
	at com.sun.org.apache.xerces.internal.impl.XMLDocumentFragmentScannerImpl.scanStartElement(Unknown Source)
	at com.sun.org.apache.xerces.internal.impl.XMLDocumentScannerImpl$ContentDriver.scanRootElementHook(Unknown Source)
	at com.sun.org.apache.xerces.internal.impl.XMLDocumentFragmentScannerImpl$FragmentContentDriver.next(Unknown Source)
	at com.sun.org.apache.xerces.internal.impl.XMLDocumentScannerImpl$PrologDriver.next(Unknown Source)
	at com.sun.org.apache.xerces.internal.impl.XMLDocumentScannerImpl.next(Unknown Source)
	at com.sun.org.apache.xerces.internal.impl.XMLDocumentFragmentScannerImpl.scanDocument(Unknown Source)
	at com.sun.org.apache.xerces.internal.parsers.XML11Configuration.parse(Unknown Source)
	at com.sun.org.apache.xerces.internal.parsers.XML11Configuration.parse(Unknown Source)
	at com.sun.org.apache.xerces.internal.parsers.XMLParser.parse(Unknown Source)
	at com.sun.org.apache.xerces.internal.parsers.DOMParser.parse(Unknown Source)
	at com.sun.org.apache.xerces.internal.jaxp.DocumentBuilderImpl.parse(Unknown Source)
	at org.apache.ibatis.parsing.XPathParser.createDocument(XPathParser.java:257)
	... 52 more
</error>
    <system-out>12:02:10.688 [main] DEBUG org.apache.ibatis.logging.LogFactory - Logging initialized using &apos;class org.apache.ibatis.logging.slf4j.Slf4jImpl&apos; adapter.
12:02:10.766 [main] DEBUG org.apache.ibatis.io.VFS - Class not found: org.jboss.vfs.VFS
12:02:10.766 [main] DEBUG org.apache.ibatis.io.JBoss6VFS - JBoss 6 VFS API is not available in this environment.
12:02:10.770 [main] DEBUG org.apache.ibatis.io.VFS - Class not found: org.jboss.vfs.VirtualFile
12:02:10.771 [main] DEBUG org.apache.ibatis.io.VFS - VFS implementation org.apache.ibatis.io.JBoss6VFS is not valid in this environment.
12:02:10.772 [main] DEBUG org.apache.ibatis.io.VFS - Using VFS adapter org.apache.ibatis.io.DefaultVFS
12:02:10.773 [main] DEBUG org.apache.ibatis.io.DefaultVFS - Find JAR URL: file:/D:/Users/Administrator/workspace/o2o/target/classes/com/imooc/o2o/entity
12:02:10.774 [main] DEBUG org.apache.ibatis.io.DefaultVFS - Not a JAR: file:/D:/Users/Administrator/workspace/o2o/target/classes/com/imooc/o2o/entity
12:02:10.825 [main] DEBUG org.apache.ibatis.io.DefaultVFS - Reader entry: Area.class
12:02:10.825 [main] DEBUG org.apache.ibatis.io.DefaultVFS - Reader entry: HeadLine.class
12:02:10.826 [main] DEBUG org.apache.ibatis.io.DefaultVFS - Reader entry: LocalAuth.class
12:02:10.827 [main] DEBUG org.apache.ibatis.io.DefaultVFS - Reader entry: Personinfo.class
12:02:10.827 [main] DEBUG org.apache.ibatis.io.DefaultVFS - Reader entry: Product.class
12:02:10.828 [main] DEBUG org.apache.ibatis.io.DefaultVFS - Reader entry: ProductCategory.class
12:02:10.829 [main] DEBUG org.apache.ibatis.io.DefaultVFS - Reader entry: ProductImg.class
12:02:10.830 [main] DEBUG org.apache.ibatis.io.DefaultVFS - Reader entry: Shop.class
12:02:10.830 [main] DEBUG org.apache.ibatis.io.DefaultVFS - Reader entry: ShopCategory.class
12:02:10.831 [main] DEBUG org.apache.ibatis.io.DefaultVFS - Reader entry: WechatAuth.class
12:02:10.831 [main] DEBUG org.apache.ibatis.io.DefaultVFS - Listing file:/D:/Users/Administrator/workspace/o2o/target/classes/com/imooc/o2o/entity
12:02:10.831 [main] DEBUG org.apache.ibatis.io.DefaultVFS - Find JAR URL: file:/D:/Users/Administrator/workspace/o2o/target/classes/com/imooc/o2o/entity/Area.class
12:02:10.832 [main] DEBUG org.apache.ibatis.io.DefaultVFS - Not a JAR: file:/D:/Users/Administrator/workspace/o2o/target/classes/com/imooc/o2o/entity/Area.class
12:02:10.833 [main] DEBUG org.apache.ibatis.io.DefaultVFS - Reader entry: 漱壕&amp;#0;&amp;#0;&amp;#0;4&amp;#0;2&amp;#7;&amp;#0;&amp;#2;&amp;#1;&amp;#0;&amp;#25;com/imooc/o2o/entity/Area&amp;#7;&amp;#0;&amp;#4;&amp;#1;&amp;#0;&amp;#16;java/lang/Object&amp;#1;&amp;#0;&amp;#6;areaId&amp;#1;&amp;#0;&amp;#19;Ljava/lang/Integer;&amp;#1;&amp;#0;&amp;#8;areaName&amp;#1;&amp;#0;&amp;#18;Ljava/lang/String;&amp;#1;&amp;#0;&amp;#8;priority&amp;#1;&amp;#0;
12:02:10.834 [main] DEBUG org.apache.ibatis.io.DefaultVFS - Find JAR URL: file:/D:/Users/Administrator/workspace/o2o/target/classes/com/imooc/o2o/entity/HeadLine.class
12:02:10.834 [main] DEBUG org.apache.ibatis.io.DefaultVFS - Not a JAR: file:/D:/Users/Administrator/workspace/o2o/target/classes/com/imooc/o2o/entity/HeadLine.class
12:02:10.835 [main] DEBUG org.apache.ibatis.io.DefaultVFS - Reader entry: 漱壕&amp;#0;&amp;#0;&amp;#0;4&amp;#0;D&amp;#7;&amp;#0;&amp;#2;&amp;#1;&amp;#0;&amp;#29;com/imooc/o2o/entity/HeadLine&amp;#7;&amp;#0;&amp;#4;&amp;#1;&amp;#0;&amp;#16;java/lang/Object&amp;#1;&amp;#0;&amp;#6;lineId&amp;#1;&amp;#0;&amp;#16;Ljava/lang/Long;&amp;#1;&amp;#0;&amp;#8;lineName&amp;#1;&amp;#0;&amp;#18;Ljava/lang/String;&amp;#1;&amp;#0;&amp;#8;lineLink&amp;#1;&amp;#0;&amp;#7;lineImg&amp;#1;&amp;#0;&amp;#8;priority&amp;#1;&amp;#0;&amp;#19;Ljava/lang/Integer;&amp;#1;&amp;#0;&amp;#12;enableStatus&amp;#1;&amp;#0;
12:02:10.836 [main] DEBUG org.apache.ibatis.io.DefaultVFS - Find JAR URL: file:/D:/Users/Administrator/workspace/o2o/target/classes/com/imooc/o2o/entity/LocalAuth.class
12:02:10.836 [main] DEBUG org.apache.ibatis.io.DefaultVFS - Not a JAR: file:/D:/Users/Administrator/workspace/o2o/target/classes/com/imooc/o2o/entity/LocalAuth.class
12:02:10.837 [main] DEBUG org.apache.ibatis.io.DefaultVFS - Reader entry: 漱壕&amp;#0;&amp;#0;&amp;#0;4&amp;#0;:&amp;#7;&amp;#0;&amp;#2;&amp;#1;&amp;#0;&amp;#30;com/imooc/o2o/entity/LocalAuth&amp;#7;&amp;#0;&amp;#4;&amp;#1;&amp;#0;&amp;#16;java/lang/Object&amp;#1;&amp;#0;&amp;#11;localAuthId&amp;#1;&amp;#0;&amp;#16;Ljava/lang/Long;&amp;#1;&amp;#0;&amp;#8;username&amp;#1;&amp;#0;&amp;#18;Ljava/lang/String;&amp;#1;&amp;#0;&amp;#8;password&amp;#1;&amp;#0;
12:02:10.837 [main] DEBUG org.apache.ibatis.io.DefaultVFS - Find JAR URL: file:/D:/Users/Administrator/workspace/o2o/target/classes/com/imooc/o2o/entity/Personinfo.class
12:02:10.837 [main] DEBUG org.apache.ibatis.io.DefaultVFS - Not a JAR: file:/D:/Users/Administrator/workspace/o2o/target/classes/com/imooc/o2o/entity/Personinfo.class
12:02:10.838 [main] DEBUG org.apache.ibatis.io.DefaultVFS - Reader entry: 漱壕&amp;#0;&amp;#0;&amp;#0;4&amp;#0;I&amp;#7;&amp;#0;&amp;#2;&amp;#1;&amp;#0;&amp;#31;com/imooc/o2o/entity/Personinfo&amp;#7;&amp;#0;&amp;#4;&amp;#1;&amp;#0;&amp;#16;java/lang/Object&amp;#1;&amp;#0;&amp;#6;userId&amp;#1;&amp;#0;&amp;#16;Ljava/lang/Long;&amp;#1;&amp;#0;&amp;#4;name&amp;#1;&amp;#0;&amp;#18;Ljava/lang/String;&amp;#1;&amp;#0;
12:02:10.839 [main] DEBUG org.apache.ibatis.io.DefaultVFS - Find JAR URL: file:/D:/Users/Administrator/workspace/o2o/target/classes/com/imooc/o2o/entity/Product.class
12:02:10.839 [main] DEBUG org.apache.ibatis.io.DefaultVFS - Not a JAR: file:/D:/Users/Administrator/workspace/o2o/target/classes/com/imooc/o2o/entity/Product.class
12:02:10.840 [main] DEBUG org.apache.ibatis.io.DefaultVFS - Reader entry: 漱壕&amp;#0;&amp;#0;&amp;#0;4&amp;#0;k&amp;#7;&amp;#0;&amp;#2;&amp;#1;&amp;#0;&amp;#28;com/imooc/o2o/entity/Product&amp;#7;&amp;#0;&amp;#4;&amp;#1;&amp;#0;&amp;#16;java/lang/Object&amp;#1;&amp;#0;	productId&amp;#1;&amp;#0;&amp;#16;Ljava/lang/Long;&amp;#1;&amp;#0;&amp;#11;productName&amp;#1;&amp;#0;&amp;#18;Ljava/lang/String;&amp;#1;&amp;#0;&amp;#11;productDesc&amp;#1;&amp;#0;&amp;#7;imgAddr&amp;#1;&amp;#0;&amp;#11;normalPrice&amp;#1;&amp;#0;&amp;#14;promotionPrice&amp;#1;&amp;#0;&amp;#8;priority&amp;#1;&amp;#0;&amp;#19;Ljava/lang/Integer;&amp;#1;&amp;#0;
12:02:10.841 [main] DEBUG org.apache.ibatis.io.DefaultVFS - Find JAR URL: file:/D:/Users/Administrator/workspace/o2o/target/classes/com/imooc/o2o/entity/ProductCategory.class
12:02:10.842 [main] DEBUG org.apache.ibatis.io.DefaultVFS - Not a JAR: file:/D:/Users/Administrator/workspace/o2o/target/classes/com/imooc/o2o/entity/ProductCategory.class
12:02:10.843 [main] DEBUG org.apache.ibatis.io.DefaultVFS - Reader entry: 漱壕&amp;#0;&amp;#0;&amp;#0;4&amp;#0;5&amp;#7;&amp;#0;&amp;#2;&amp;#1;&amp;#0;$com/imooc/o2o/entity/ProductCategory&amp;#7;&amp;#0;&amp;#4;&amp;#1;&amp;#0;&amp;#16;java/lang/Object&amp;#1;&amp;#0;&amp;#17;productCategoryId&amp;#1;&amp;#0;&amp;#16;Ljava/lang/Long;&amp;#1;&amp;#0;&amp;#6;shopId&amp;#1;&amp;#0;&amp;#19;productCategoryName&amp;#1;&amp;#0;&amp;#18;Ljava/lang/String;&amp;#1;&amp;#0;&amp;#8;priority&amp;#1;&amp;#0;&amp;#19;Ljava/lang/Integer;&amp;#1;&amp;#0;	creatTime&amp;#1;&amp;#0;&amp;#16;Ljava/util/Date;&amp;#1;&amp;#0;&amp;#6;&lt;init&gt;&amp;#1;&amp;#0;&amp;#3;()V&amp;#1;&amp;#0;&amp;#4;Code
12:02:10.843 [main] DEBUG org.apache.ibatis.io.DefaultVFS - Find JAR URL: file:/D:/Users/Administrator/workspace/o2o/target/classes/com/imooc/o2o/entity/ProductImg.class
12:02:10.843 [main] DEBUG org.apache.ibatis.io.DefaultVFS - Not a JAR: file:/D:/Users/Administrator/workspace/o2o/target/classes/com/imooc/o2o/entity/ProductImg.class
12:02:10.844 [main] DEBUG org.apache.ibatis.io.DefaultVFS - Reader entry: 漱壕&amp;#0;&amp;#0;&amp;#0;4&amp;#0;:&amp;#7;&amp;#0;&amp;#2;&amp;#1;&amp;#0;&amp;#31;com/imooc/o2o/entity/ProductImg&amp;#7;&amp;#0;&amp;#4;&amp;#1;&amp;#0;&amp;#16;java/lang/Object&amp;#1;&amp;#0;&amp;#12;productImgId&amp;#1;&amp;#0;&amp;#16;Ljava/lang/Long;&amp;#1;&amp;#0;&amp;#7;imgAddr&amp;#1;&amp;#0;&amp;#18;Ljava/lang/String;&amp;#1;&amp;#0;&amp;#7;imgDesc&amp;#1;&amp;#0;&amp;#8;priority&amp;#1;&amp;#0;&amp;#19;Ljava/lang/Integer;&amp;#1;&amp;#0;
12:02:10.844 [main] DEBUG org.apache.ibatis.io.DefaultVFS - Find JAR URL: file:/D:/Users/Administrator/workspace/o2o/target/classes/com/imooc/o2o/entity/Shop.class
12:02:10.844 [main] DEBUG org.apache.ibatis.io.DefaultVFS - Not a JAR: file:/D:/Users/Administrator/workspace/o2o/target/classes/com/imooc/o2o/entity/Shop.class
12:02:10.845 [main] DEBUG org.apache.ibatis.io.DefaultVFS - Reader entry: 漱壕&amp;#0;&amp;#0;&amp;#0;4&amp;#0;k&amp;#7;&amp;#0;&amp;#2;&amp;#1;&amp;#0;&amp;#25;com/imooc/o2o/entity/Shop&amp;#7;&amp;#0;&amp;#4;&amp;#1;&amp;#0;&amp;#16;java/lang/Object&amp;#1;&amp;#0;&amp;#6;shopId&amp;#1;&amp;#0;&amp;#16;Ljava/lang/Long;&amp;#1;&amp;#0;&amp;#8;shopNmae&amp;#1;&amp;#0;&amp;#18;Ljava/lang/String;&amp;#1;&amp;#0;&amp;#8;shopdesc&amp;#1;&amp;#0;&amp;#8;shopAddr&amp;#1;&amp;#0;&amp;#5;phone&amp;#1;&amp;#0;&amp;#7;shopImg&amp;#1;&amp;#0;&amp;#8;priority&amp;#1;&amp;#0;&amp;#19;Ljava/lang/Integer;&amp;#1;&amp;#0;
12:02:10.846 [main] DEBUG org.apache.ibatis.io.DefaultVFS - Find JAR URL: file:/D:/Users/Administrator/workspace/o2o/target/classes/com/imooc/o2o/entity/ShopCategory.class
12:02:10.846 [main] DEBUG org.apache.ibatis.io.DefaultVFS - Not a JAR: file:/D:/Users/Administrator/workspace/o2o/target/classes/com/imooc/o2o/entity/ShopCategory.class
12:02:10.847 [main] DEBUG org.apache.ibatis.io.DefaultVFS - Reader entry: 漱壕&amp;#0;&amp;#0;&amp;#0;4&amp;#0;F&amp;#7;&amp;#0;&amp;#2;&amp;#1;&amp;#0;!com/imooc/o2o/entity/ShopCategory&amp;#7;&amp;#0;&amp;#4;&amp;#1;&amp;#0;&amp;#16;java/lang/Object&amp;#1;&amp;#0;&amp;#14;shopCategoryId&amp;#1;&amp;#0;&amp;#16;Ljava/lang/Long;&amp;#1;&amp;#0;&amp;#16;shopCategoryName&amp;#1;&amp;#0;&amp;#18;Ljava/lang/String;&amp;#1;&amp;#0;&amp;#16;shopCategoryDesc&amp;#1;&amp;#0;&amp;#15;shopCategoryImg&amp;#1;&amp;#0;&amp;#8;priority&amp;#1;&amp;#0;&amp;#19;Ljava/lang/Integer;&amp;#1;&amp;#0;
12:02:10.848 [main] DEBUG org.apache.ibatis.io.DefaultVFS - Find JAR URL: file:/D:/Users/Administrator/workspace/o2o/target/classes/com/imooc/o2o/entity/WechatAuth.class
12:02:10.848 [main] DEBUG org.apache.ibatis.io.DefaultVFS - Not a JAR: file:/D:/Users/Administrator/workspace/o2o/target/classes/com/imooc/o2o/entity/WechatAuth.class
12:02:10.849 [main] DEBUG org.apache.ibatis.io.DefaultVFS - Reader entry: 漱壕&amp;#0;&amp;#0;&amp;#0;4&amp;#0;0&amp;#7;&amp;#0;&amp;#2;&amp;#1;&amp;#0;&amp;#31;com/imooc/o2o/entity/WechatAuth&amp;#7;&amp;#0;&amp;#4;&amp;#1;&amp;#0;&amp;#16;java/lang/Object&amp;#1;&amp;#0;&amp;#12;wechatAuthId&amp;#1;&amp;#0;&amp;#16;Ljava/lang/Long;&amp;#1;&amp;#0;&amp;#6;openId&amp;#1;&amp;#0;&amp;#18;Ljava/lang/String;&amp;#1;&amp;#0;
12:02:10.850 [main] DEBUG org.apache.ibatis.io.ResolverUtil - Checking to see if class com.imooc.o2o.entity.Area matches criteria [is assignable to Object]
12:02:10.851 [main] DEBUG org.apache.ibatis.io.ResolverUtil - Checking to see if class com.imooc.o2o.entity.HeadLine matches criteria [is assignable to Object]
12:02:10.853 [main] DEBUG org.apache.ibatis.io.ResolverUtil - Checking to see if class com.imooc.o2o.entity.LocalAuth matches criteria [is assignable to Object]
12:02:10.854 [main] DEBUG org.apache.ibatis.io.ResolverUtil - Checking to see if class com.imooc.o2o.entity.Personinfo matches criteria [is assignable to Object]
12:02:10.856 [main] DEBUG org.apache.ibatis.io.ResolverUtil - Checking to see if class com.imooc.o2o.entity.Product matches criteria [is assignable to Object]
12:02:10.856 [main] DEBUG org.apache.ibatis.io.ResolverUtil - Checking to see if class com.imooc.o2o.entity.ProductCategory matches criteria [is assignable to Object]
12:02:10.857 [main] DEBUG org.apache.ibatis.io.ResolverUtil - Checking to see if class com.imooc.o2o.entity.ProductImg matches criteria [is assignable to Object]
12:02:10.859 [main] DEBUG org.apache.ibatis.io.ResolverUtil - Checking to see if class com.imooc.o2o.entity.Shop matches criteria [is assignable to Object]
12:02:10.859 [main] DEBUG org.apache.ibatis.io.ResolverUtil - Checking to see if class com.imooc.o2o.entity.ShopCategory matches criteria [is assignable to Object]
12:02:10.860 [main] DEBUG org.apache.ibatis.io.ResolverUtil - Checking to see if class com.imooc.o2o.entity.WechatAuth matches criteria [is assignable to Object]
12:02:10.862 [main] DEBUG org.mybatis.spring.SqlSessionFactoryBean - Scanned package: &apos;com.imooc.o2o.entity&apos; for aliases
12:02:10.922 [main] DEBUG org.mybatis.spring.SqlSessionFactoryBean - Parsed configuration file: &apos;class path resource [mybatis-config.xml]&apos;
</system-out>
    <system-err>四月 24, 2018 12:02:09 下午 org.springframework.test.context.support.DefaultTestContextBootstrapper getDefaultTestExecutionListenerClassNames
信息: Loaded default TestExecutionListener class names from location [META-INF/spring.factories]: [org.springframework.test.context.web.ServletTestExecutionListener, org.springframework.test.context.support.DirtiesContextBeforeModesTestExecutionListener, org.springframework.test.context.support.DependencyInjectionTestExecutionListener, org.springframework.test.context.support.DirtiesContextTestExecutionListener, org.springframework.test.context.transaction.TransactionalTestExecutionListener, org.springframework.test.context.jdbc.SqlScriptsTestExecutionListener]
四月 24, 2018 12:02:09 下午 org.springframework.test.context.support.DefaultTestContextBootstrapper getTestExecutionListeners
信息: Using TestExecutionListeners: [org.springframework.test.context.web.ServletTestExecutionListener@5c7fa833, org.springframework.test.context.support.DirtiesContextBeforeModesTestExecutionListener@39aeed2f, org.springframework.test.context.support.DependencyInjectionTestExecutionListener@724af044, org.springframework.test.context.support.DirtiesContextTestExecutionListener@4678c730, org.springframework.test.context.transaction.TransactionalTestExecutionListener@6767c1fc, org.springframework.test.context.jdbc.SqlScriptsTestExecutionListener@29ee9faa]
四月 24, 2018 12:02:09 下午 org.springframework.beans.factory.xml.XmlBeanDefinitionReader loadBeanDefinitions
信息: Loading XML bean definitions from URL [file:/D:/Users/Administrator/workspace/o2o/target/classes/spring/spring-dao.xml]
四月 24, 2018 12:02:10 下午 org.springframework.context.support.GenericApplicationContext prepareRefresh
信息: Refreshing org.springframework.context.support.GenericApplicationContext@3fee9989: startup date [Tue Apr 24 12:02:10 CST 2018]; root of context hierarchy
四月 24, 2018 12:02:10 下午 com.mchange.v2.log.MLog &lt;clinit&gt;
信息: MLog clients using java 1.4+ standard logging.
四月 24, 2018 12:02:10 下午 com.mchange.v2.c3p0.C3P0Registry banner
信息: Initializing c3p0-0.9.1.2 [built 21-May-2007 15:04:56; debug? true; trace: 10]
四月 24, 2018 12:02:10 下午 org.springframework.context.support.GenericApplicationContext refresh
警告: Exception encountered during context initialization - cancelling refresh attempt: org.springframework.beans.factory.BeanCreationException: Error creating bean with name &apos;sqlSessionFactory&apos; defined in URL [file:/D:/Users/Administrator/workspace/o2o/target/classes/spring/spring-dao.xml]: Invocation of init method failed; nested exception is org.springframework.core.NestedIOException: Failed to parse mapping resource: &apos;file [D:\Users\Administrator\workspace\o2o\target\classes\mapper\AreaDao.xml]&apos;; nested exception is org.apache.ibatis.builder.BuilderException: Error creating document instance.  Cause: org.xml.sax.SAXParseException; lineNumber: 5; columnNumber: 47; 文档根元素 &quot;mapper&quot; 必须匹配 DOCTYPE 根 &quot;configuration&quot;。
四月 24, 2018 12:02:10 下午 org.springframework.test.context.TestContextManager prepareTestInstance
严重: Caught exception while allowing TestExecutionListener [org.springframework.test.context.support.DependencyInjectionTestExecutionListener@724af044] to prepare test instance [com.imooc.o2o.dao.AreaDaoTest@2c35e847]
java.lang.IllegalStateException: Failed to load ApplicationContext
	at org.springframework.test.context.cache.DefaultCacheAwareContextLoaderDelegate.loadContext(DefaultCacheAwareContextLoaderDelegate.java:124)
	at org.springframework.test.context.support.DefaultTestContext.getApplicationContext(DefaultTestContext.java:83)
	at org.springframework.test.context.support.DependencyInjectionTestExecutionListener.injectDependencies(DependencyInjectionTestExecutionListener.java:117)
	at org.springframework.test.context.support.DependencyInjectionTestExecutionListener.prepareTestInstance(DependencyInjectionTestExecutionListener.java:83)
	at org.springframework.test.context.TestContextManager.prepareTestInstance(TestContextManager.java:230)
	at org.springframework.test.context.junit4.SpringJUnit4ClassRunner.createTest(SpringJUnit4ClassRunner.java:228)
	at org.springframework.test.context.junit4.SpringJUnit4ClassRunner$1.runReflectiveCall(SpringJUnit4ClassRunner.java:287)
	at org.junit.internal.runners.model.ReflectiveCallable.run(ReflectiveCallable.java:12)
	at org.springframework.test.context.junit4.SpringJUnit4ClassRunner.methodBlock(SpringJUnit4ClassRunner.java:289)
	at org.springframework.test.context.junit4.SpringJUnit4ClassRunner.runChild(SpringJUnit4ClassRunner.java:247)
	at org.springframework.test.context.junit4.SpringJUnit4ClassRunner.runChild(SpringJUnit4ClassRunner.java:94)
	at org.junit.runners.ParentRunner$3.run(ParentRunner.java:290)
	at org.junit.runners.ParentRunner$1.schedule(ParentRunner.java:71)
	at org.junit.runners.ParentRunner.runChildren(ParentRunner.java:288)
	at org.junit.runners.ParentRunner.access$000(ParentRunner.java:58)
	at org.junit.runners.ParentRunner$2.evaluate(ParentRunner.java:268)
	at org.springframework.test.context.junit4.statements.RunBeforeTestClassCallbacks.evaluate(RunBeforeTestClassCallbacks.java:61)
	at org.springframework.test.context.junit4.statements.RunAfterTestClassCallbacks.evaluate(RunAfterTestClassCallbacks.java:70)
	at org.junit.runners.ParentRunner.run(ParentRunner.java:363)
	at org.springframework.test.context.junit4.SpringJUnit4ClassRunner.run(SpringJUnit4ClassRunner.java:191)
	at org.apache.maven.surefire.junit4.JUnit4Provider.execute(JUnit4Provider.java:252)
	at org.apache.maven.surefire.junit4.JUnit4Provider.executeTestSet(JUnit4Provider.java:141)
	at org.apache.maven.surefire.junit4.JUnit4Provider.invoke(JUnit4Provider.java:112)
	at sun.reflect.NativeMethodAccessorImpl.invoke0(Native Method)
	at sun.reflect.NativeMethodAccessorImpl.invoke(Unknown Source)
	at sun.reflect.DelegatingMethodAccessorImpl.invoke(Unknown Source)
	at java.lang.reflect.Method.invoke(Unknown Source)
	at org.apache.maven.surefire.util.ReflectionUtils.invokeMethodWithArray(ReflectionUtils.java:189)
	at org.apache.maven.surefire.booter.ProviderFactory$ProviderProxy.invoke(ProviderFactory.java:165)
	at org.apache.maven.surefire.booter.ProviderFactory.invokeProvider(ProviderFactory.java:85)
	at org.apache.maven.surefire.booter.ForkedBooter.runSuitesInProcess(ForkedBooter.java:115)
	at org.apache.maven.surefire.booter.ForkedBooter.main(ForkedBooter.java:75)
Caused by: org.springframework.beans.factory.BeanCreationException: Error creating bean with name &apos;sqlSessionFactory&apos; defined in URL [file:/D:/Users/Administrator/workspace/o2o/target/classes/spring/spring-dao.xml]: Invocation of init method failed; nested exception is org.springframework.core.NestedIOException: Failed to parse mapping resource: &apos;file [D:\Users\Administrator\workspace\o2o\target\classes\mapper\AreaDao.xml]&apos;; nested exception is org.apache.ibatis.builder.BuilderException: Error creating document instance.  Cause: org.xml.sax.SAXParseException; lineNumber: 5; columnNumber: 47; 文档根元素 &quot;mapper&quot; 必须匹配 DOCTYPE 根 &quot;configuration&quot;。
	at org.springframework.beans.factory.support.AbstractAutowireCapableBeanFactory.initializeBean(AbstractAutowireCapableBeanFactory.java:1628)
	at org.springframework.beans.factory.support.AbstractAutowireCapableBeanFactory.doCreateBean(AbstractAutowireCapableBeanFactory.java:555)
	at org.springframework.beans.factory.support.AbstractAutowireCapableBeanFactory.createBean(AbstractAutowireCapableBeanFactory.java:483)
	at org.springframework.beans.factory.support.AbstractBeanFactory$1.getObject(AbstractBeanFactory.java:306)
	at org.springframework.beans.factory.support.DefaultSingletonBeanRegistry.getSingleton(DefaultSingletonBeanRegistry.java:230)
	at org.springframework.beans.factory.support.AbstractBeanFactory.doGetBean(AbstractBeanFactory.java:302)
	at org.springframework.beans.factory.support.AbstractBeanFactory.getBean(AbstractBeanFactory.java:197)
	at org.springframework.beans.factory.support.DefaultListableBeanFactory.preInstantiateSingletons(DefaultListableBeanFactory.java:742)
	at org.springframework.context.support.AbstractApplicationContext.finishBeanFactoryInitialization(AbstractApplicationContext.java:866)
	at org.springframework.context.support.AbstractApplicationContext.refresh(AbstractApplicationContext.java:542)
	at org.springframework.test.context.support.AbstractGenericContextLoader.loadContext(AbstractGenericContextLoader.java:128)
	at org.springframework.test.context.support.AbstractGenericContextLoader.loadContext(AbstractGenericContextLoader.java:60)
	at org.springframework.test.context.support.AbstractDelegatingSmartContextLoader.delegateLoading(AbstractDelegatingSmartContextLoader.java:108)
	at org.springframework.test.context.support.AbstractDelegatingSmartContextLoader.loadContext(AbstractDelegatingSmartContextLoader.java:251)
	at org.springframework.test.context.cache.DefaultCacheAwareContextLoaderDelegate.loadContextInternal(DefaultCacheAwareContextLoaderDelegate.java:98)
	at org.springframework.test.context.cache.DefaultCacheAwareContextLoaderDelegate.loadContext(DefaultCacheAwareContextLoaderDelegate.java:116)
	... 31 more
Caused by: org.springframework.core.NestedIOException: Failed to parse mapping resource: &apos;file [D:\Users\Administrator\workspace\o2o\target\classes\mapper\AreaDao.xml]&apos;; nested exception is org.apache.ibatis.builder.BuilderException: Error creating document instance.  Cause: org.xml.sax.SAXParseException; lineNumber: 5; columnNumber: 47; 文档根元素 &quot;mapper&quot; 必须匹配 DOCTYPE 根 &quot;configuration&quot;。
	at org.mybatis.spring.SqlSessionFactoryBean.buildSqlSessionFactory(SqlSessionFactoryBean.java:523)
	at org.mybatis.spring.SqlSessionFactoryBean.afterPropertiesSet(SqlSessionFactoryBean.java:380)
	at org.springframework.beans.factory.support.AbstractAutowireCapableBeanFactory.invokeInitMethods(AbstractAutowireCapableBeanFactory.java:1687)
	at org.springframework.beans.factory.support.AbstractAutowireCapableBeanFactory.initializeBean(AbstractAutowireCapableBeanFactory.java:1624)
	... 46 more
Caused by: org.apache.ibatis.builder.BuilderException: Error creating document instance.  Cause: org.xml.sax.SAXParseException; lineNumber: 5; columnNumber: 47; 文档根元素 &quot;mapper&quot; 必须匹配 DOCTYPE 根 &quot;configuration&quot;。
	at org.apache.ibatis.parsing.XPathParser.createDocument(XPathParser.java:259)
	at org.apache.ibatis.parsing.XPathParser.&lt;init&gt;(XPathParser.java:125)
	at org.apache.ibatis.builder.xml.XMLMapperBuilder.&lt;init&gt;(XMLMapperBuilder.java:78)
	at org.mybatis.spring.SqlSessionFactoryBean.buildSqlSessionFactory(SqlSessionFactoryBean.java:520)
	... 49 more
Caused by: org.xml.sax.SAXParseException; lineNumber: 5; columnNumber: 47; 文档根元素 &quot;mapper&quot; 必须匹配 DOCTYPE 根 &quot;configuration&quot;。
	at com.sun.org.apache.xerces.internal.util.ErrorHandlerWrapper.createSAXParseException(Unknown Source)
	at com.sun.org.apache.xerces.internal.util.ErrorHandlerWrapper.error(Unknown Source)
	at com.sun.org.apache.xerces.internal.impl.XMLErrorReporter.reportError(Unknown Source)
	at com.sun.org.apache.xerces.internal.impl.XMLErrorReporter.reportError(Unknown Source)
	at com.sun.org.apache.xerces.internal.impl.XMLErrorReporter.reportError(Unknown Source)
	at com.sun.org.apache.xerces.internal.impl.dtd.XMLDTDValidator.rootElementSpecified(Unknown Source)
	at com.sun.org.apache.xerces.internal.impl.dtd.XMLDTDValidator.handleStartElement(Unknown Source)
	at com.sun.org.apache.xerces.internal.impl.dtd.XMLDTDValidator.startElement(Unknown Source)
	at com.sun.org.apache.xerces.internal.impl.XMLDocumentFragmentScannerImpl.scanStartElement(Unknown Source)
	at com.sun.org.apache.xerces.internal.impl.XMLDocumentScannerImpl$ContentDriver.scanRootElementHook(Unknown Source)
	at com.sun.org.apache.xerces.internal.impl.XMLDocumentFragmentScannerImpl$FragmentContentDriver.next(Unknown Source)
	at com.sun.org.apache.xerces.internal.impl.XMLDocumentScannerImpl$PrologDriver.next(Unknown Source)
	at com.sun.org.apache.xerces.internal.impl.XMLDocumentScannerImpl.next(Unknown Source)
	at com.sun.org.apache.xerces.internal.impl.XMLDocumentFragmentScannerImpl.scanDocument(Unknown Source)
	at com.sun.org.apache.xerces.internal.parsers.XML11Configuration.parse(Unknown Source)
	at com.sun.org.apache.xerces.internal.parsers.XML11Configuration.parse(Unknown Source)
	at com.sun.org.apache.xerces.internal.parsers.XMLParser.parse(Unknown Source)
	at com.sun.org.apache.xerces.internal.parsers.DOMParser.parse(Unknown Source)
	at com.sun.org.apache.xerces.internal.jaxp.DocumentBuilderImpl.parse(Unknown Source)
	at org.apache.ibatis.parsing.XPathParser.createDocument(XPathParser.java:257)
	... 52 more

</system-err>
  </testcase>
</testsuite>